<?xml version="1.0" encoding="UTF-8"?>
<coverage generated="1598133852605" clover="3.2.0">
  <project timestamp="1598133852605" name="All files">
    <metrics statements="15" coveredstatements="15" conditionals="8" coveredconditionals="7" methods="7" coveredmethods="7" elements="30" coveredelements="29" complexity="0" loc="15" ncloc="15" packages="2" files="2" classes="2"/>
    <package name="errors">
      <metrics statements="6" coveredstatements="6" conditionals="4" coveredconditionals="3" methods="4" coveredmethods="4"/>
      <file name="index.js" path="/Users/andrepostiga/Desktop/Backend-Starwars/src/app/errors/index.js">
        <metrics statements="6" coveredstatements="6" conditionals="4" coveredconditionals="3" methods="4" coveredmethods="4"/>
        <line num="1" count="6" type="cond" truecount="3" falsecount="1"/>
        <line num="2" count="1" type="stmt"/>
        <line num="3" count="1" type="stmt"/>
        <line num="4" count="1" type="stmt"/>
        <line num="5" count="1" type="stmt"/>
        <line num="6" count="1" type="stmt"/>
      </file>
    </package>
    <package name="service.MovieServices">
      <metrics statements="9" coveredstatements="9" conditionals="4" coveredconditionals="4" methods="3" coveredmethods="3"/>
      <file name="findMovieService.js" path="/Users/andrepostiga/Desktop/Backend-Starwars/src/app/service/MovieServices/findMovieService.js">
        <metrics statements="9" coveredstatements="9" conditionals="4" coveredconditionals="4" methods="3" coveredmethods="3"/>
        <line num="1" count="1" type="stmt"/>
        <line num="5" count="6" type="stmt"/>
        <line num="9" count="5" type="stmt"/>
        <line num="11" count="4" type="cond" truecount="4" falsecount="0"/>
        <line num="12" count="2" type="stmt"/>
        <line num="15" count="2" type="stmt"/>
        <line num="19" count="2" type="stmt"/>
        <line num="20" count="1" type="stmt"/>
        <line num="25" count="1" type="stmt"/>
      </file>
    </package>
  </project>
</coverage>
