<?xml version="1.0" encoding="UTF-8"?>
<coverage generated="1598230387029" clover="3.2.0">
  <project timestamp="1598230387029" name="All files">
    <metrics statements="239" coveredstatements="229" conditionals="78" coveredconditionals="63" methods="54" coveredmethods="51" elements="371" coveredelements="343" complexity="0" loc="239" ncloc="239" packages="9" files="16" classes="16"/>
    <package name="src">
      <metrics statements="36" coveredstatements="35" conditionals="8" coveredconditionals="8" methods="8" coveredmethods="7"/>
      <file name="app.js" path="/Users/andrepostiga/Desktop/Backend-Starwars/src/app.js">
        <metrics statements="11" coveredstatements="11" conditionals="4" coveredconditionals="4" methods="2" coveredmethods="2"/>
        <line num="1" count="3" type="cond" truecount="4" falsecount="0"/>
        <line num="2" count="1" type="stmt"/>
        <line num="3" count="1" type="stmt"/>
        <line num="4" count="1" type="stmt"/>
        <line num="7" count="1" type="stmt"/>
        <line num="9" count="1" type="stmt"/>
        <line num="11" count="1" type="stmt"/>
        <line num="14" count="1" type="stmt"/>
        <line num="17" count="1" type="stmt"/>
        <line num="19" count="1" type="stmt"/>
        <line num="20" count="1" type="stmt"/>
      </file>
      <file name="routes.js" path="/Users/andrepostiga/Desktop/Backend-Starwars/src/routes.js">
        <metrics statements="25" coveredstatements="24" conditionals="4" coveredconditionals="4" methods="6" coveredmethods="5"/>
        <line num="1" count="3" type="cond" truecount="4" falsecount="0"/>
        <line num="2" count="1" type="stmt"/>
        <line num="3" count="1" type="stmt"/>
        <line num="8" count="1" type="stmt"/>
        <line num="9" count="1" type="stmt"/>
        <line num="10" count="1" type="stmt"/>
        <line num="11" count="1" type="stmt"/>
        <line num="14" count="1" type="stmt"/>
        <line num="19" count="1" type="stmt"/>
        <line num="20" count="1" type="stmt"/>
        <line num="23" count="1" type="stmt"/>
        <line num="24" count="1" type="stmt"/>
        <line num="28" count="1" type="stmt"/>
        <line num="29" count="1" type="stmt"/>
        <line num="31" count="1" type="stmt"/>
        <line num="37" count="1" type="stmt"/>
        <line num="39" count="1" type="stmt"/>
        <line num="40" count="0" type="stmt"/>
        <line num="43" count="5" type="stmt"/>
        <line num="45" count="1" type="stmt"/>
        <line num="46" count="4" type="stmt"/>
        <line num="49" count="8" type="stmt"/>
        <line num="51" count="1" type="stmt"/>
        <line num="52" count="22" type="stmt"/>
        <line num="55" count="1" type="stmt"/>
      </file>
    </package>
    <package name="src.E2E">
      <metrics statements="8" coveredstatements="8" conditionals="4" coveredconditionals="3" methods="2" coveredmethods="2"/>
      <file name="mockExternalServices.js" path="/Users/andrepostiga/Desktop/Backend-Starwars/src/E2E/mockExternalServices.js">
        <metrics statements="8" coveredstatements="8" conditionals="4" coveredconditionals="3" methods="2" coveredmethods="2"/>
        <line num="1" count="1" type="cond" truecount="3" falsecount="1"/>
        <line num="4" count="19" type="stmt"/>
        <line num="44" count="19" type="stmt"/>
        <line num="74" count="19" type="stmt"/>
        <line num="98" count="19" type="stmt"/>
        <line num="103" count="19" type="stmt"/>
        <line num="108" count="19" type="stmt"/>
        <line num="112" count="1" type="stmt"/>
      </file>
    </package>
    <package name="src.app.controllers">
      <metrics statements="52" coveredstatements="46" conditionals="15" coveredconditionals="9" methods="5" coveredmethods="5"/>
      <file name="planetController.js" path="/Users/andrepostiga/Desktop/Backend-Starwars/src/app/controllers/planetController.js">
        <metrics statements="52" coveredstatements="46" conditionals="15" coveredconditionals="9" methods="5" coveredmethods="5"/>
        <line num="1" count="1" type="stmt"/>
        <line num="12" count="1" type="stmt"/>
        <line num="18" count="1" type="stmt"/>
        <line num="22" count="1" type="stmt"/>
        <line num="23" count="1" type="stmt"/>
        <line num="24" count="1" type="stmt"/>
        <line num="28" count="5" type="stmt"/>
        <line num="29" count="5" type="cond" truecount="1" falsecount="0"/>
        <line num="30" count="5" type="stmt"/>
        <line num="31" count="4" type="stmt"/>
        <line num="32" count="4" type="stmt"/>
        <line num="34" count="1" type="stmt"/>
        <line num="35" count="1" type="cond" truecount="1" falsecount="1"/>
        <line num="36" count="1" type="stmt"/>
        <line num="38" count="0" type="stmt"/>
        <line num="40" count="1" type="stmt"/>
        <line num="45" count="4" type="stmt"/>
        <line num="46" count="4" type="stmt"/>
        <line num="47" count="4" type="stmt"/>
        <line num="48" count="3" type="stmt"/>
        <line num="49" count="3" type="stmt"/>
        <line num="51" count="1" type="stmt"/>
        <line num="52" count="1" type="cond" truecount="1" falsecount="1"/>
        <line num="53" count="0" type="stmt"/>
        <line num="54" count="1" type="cond" truecount="1" falsecount="1"/>
        <line num="55" count="1" type="stmt"/>
        <line num="57" count="0" type="stmt"/>
        <line num="60" count="1" type="stmt"/>
        <line num="65" count="8" type="stmt"/>
        <line num="66" count="8" type="stmt"/>
        <line num="67" count="3" type="stmt"/>
        <line num="68" count="3" type="stmt"/>
        <line num="70" count="5" type="stmt"/>
        <line num="71" count="5" type="cond" truecount="2" falsecount="0"/>
        <line num="72" count="4" type="stmt"/>
        <line num="73" count="1" type="cond" truecount="1" falsecount="1"/>
        <line num="74" count="1" type="stmt"/>
        <line num="76" count="0" type="stmt"/>
        <line num="79" count="5" type="stmt"/>
        <line num="84" count="22" type="stmt"/>
        <line num="85" count="22" type="stmt"/>
        <line num="86" count="22" type="stmt"/>
        <line num="87" count="3" type="stmt"/>
        <line num="88" count="3" type="stmt"/>
        <line num="90" count="19" type="stmt"/>
        <line num="91" count="19" type="cond" truecount="1" falsecount="1"/>
        <line num="92" count="0" type="stmt"/>
        <line num="93" count="19" type="cond" truecount="1" falsecount="1"/>
        <line num="94" count="19" type="stmt"/>
        <line num="96" count="0" type="stmt"/>
        <line num="99" count="19" type="stmt"/>
        <line num="102" count="1" type="stmt"/>
      </file>
    </package>
    <package name="src.app.errors">
      <metrics statements="16" coveredstatements="16" conditionals="0" coveredconditionals="0" methods="4" coveredmethods="4"/>
      <file name="badRequest.js" path="/Users/andrepostiga/Desktop/Backend-Starwars/src/app/errors/badRequest.js">
        <metrics statements="4" coveredstatements="4" conditionals="0" coveredconditionals="0" methods="1" coveredmethods="1"/>
        <line num="1" count="4" type="stmt"/>
        <line num="3" count="23" type="stmt"/>
        <line num="4" count="23" type="stmt"/>
        <line num="6" count="4" type="stmt"/>
      </file>
      <file name="conflict.js" path="/Users/andrepostiga/Desktop/Backend-Starwars/src/app/errors/conflict.js">
        <metrics statements="4" coveredstatements="4" conditionals="0" coveredconditionals="0" methods="1" coveredmethods="1"/>
        <line num="1" count="4" type="stmt"/>
        <line num="3" count="3" type="stmt"/>
        <line num="4" count="3" type="stmt"/>
        <line num="6" count="4" type="stmt"/>
      </file>
      <file name="notFoundError.js" path="/Users/andrepostiga/Desktop/Backend-Starwars/src/app/errors/notFoundError.js">
        <metrics statements="4" coveredstatements="4" conditionals="0" coveredconditionals="0" methods="1" coveredmethods="1"/>
        <line num="1" count="4" type="stmt"/>
        <line num="3" count="36" type="stmt"/>
        <line num="4" count="36" type="stmt"/>
        <line num="6" count="4" type="stmt"/>
      </file>
      <file name="serverError.js" path="/Users/andrepostiga/Desktop/Backend-Starwars/src/app/errors/serverError.js">
        <metrics statements="4" coveredstatements="4" conditionals="0" coveredconditionals="0" methods="1" coveredmethods="1"/>
        <line num="1" count="4" type="stmt"/>
        <line num="3" count="20" type="stmt"/>
        <line num="4" count="20" type="stmt"/>
        <line num="6" count="4" type="stmt"/>
      </file>
    </package>
    <package name="src.app.repository">
      <metrics statements="42" coveredstatements="42" conditionals="20" coveredconditionals="19" methods="11" coveredmethods="11"/>
      <file name="moviesRepository.js" path="/Users/andrepostiga/Desktop/Backend-Starwars/src/app/repository/moviesRepository.js">
        <metrics statements="10" coveredstatements="10" conditionals="2" coveredconditionals="2" methods="3" coveredmethods="3"/>
        <line num="1" count="2" type="stmt"/>
        <line num="3" count="9" type="stmt"/>
        <line num="7" count="17" type="stmt"/>
        <line num="8" count="16" type="stmt"/>
        <line num="9" count="16" type="stmt"/>
        <line num="13" count="16" type="stmt"/>
        <line num="15" count="15" type="cond" truecount="2" falsecount="0"/>
        <line num="16" count="2" type="stmt"/>
        <line num="19" count="13" type="stmt"/>
        <line num="21" count="2" type="stmt"/>
      </file>
      <file name="planetRepository.js" path="/Users/andrepostiga/Desktop/Backend-Starwars/src/app/repository/planetRepository.js">
        <metrics statements="32" coveredstatements="32" conditionals="18" coveredconditionals="17" methods="8" coveredmethods="8"/>
        <line num="1" count="2" type="cond" truecount="3" falsecount="1"/>
        <line num="2" count="2" type="stmt"/>
        <line num="6" count="30" type="stmt"/>
        <line num="10" count="9" type="stmt"/>
        <line num="12" count="8" type="cond" truecount="2" falsecount="0"/>
        <line num="13" count="2" type="stmt"/>
        <line num="16" count="6" type="stmt"/>
        <line num="20" count="36" type="stmt"/>
        <line num="22" count="35" type="cond" truecount="2" falsecount="0"/>
        <line num="23" count="24" type="stmt"/>
        <line num="26" count="11" type="stmt"/>
        <line num="30" count="12" type="cond" truecount="2" falsecount="0"/>
        <line num="31" count="2" type="stmt"/>
        <line num="34" count="10" type="stmt"/>
        <line num="36" count="9" type="cond" truecount="2" falsecount="0"/>
        <line num="37" count="3" type="stmt"/>
        <line num="39" count="6" type="stmt"/>
        <line num="43" count="7" type="stmt"/>
        <line num="49" count="6" type="cond" truecount="2" falsecount="0"/>
        <line num="50" count="2" type="stmt"/>
        <line num="53" count="4" type="stmt"/>
        <line num="57" count="7" type="stmt"/>
        <line num="58" count="4" type="stmt"/>
        <line num="60" count="3" type="cond" truecount="2" falsecount="0"/>
        <line num="61" count="2" type="stmt"/>
        <line num="64" count="1" type="stmt"/>
        <line num="68" count="26" type="stmt"/>
        <line num="69" count="7" type="stmt"/>
        <line num="71" count="6" type="cond" truecount="2" falsecount="0"/>
        <line num="72" count="2" type="stmt"/>
        <line num="75" count="4" type="stmt"/>
        <line num="77" count="2" type="stmt"/>
      </file>
    </package>
    <package name="src.app.service.MovieServices">
      <metrics statements="9" coveredstatements="9" conditionals="4" coveredconditionals="4" methods="3" coveredmethods="3"/>
      <file name="findMovieService.js" path="/Users/andrepostiga/Desktop/Backend-Starwars/src/app/service/MovieServices/findMovieService.js">
        <metrics statements="9" coveredstatements="9" conditionals="4" coveredconditionals="4" methods="3" coveredmethods="3"/>
        <line num="1" count="2" type="stmt"/>
        <line num="5" count="7" type="stmt"/>
        <line num="9" count="17" type="stmt"/>
        <line num="11" count="16" type="cond" truecount="4" falsecount="0"/>
        <line num="12" count="2" type="stmt"/>
        <line num="15" count="14" type="stmt"/>
        <line num="19" count="14" type="stmt"/>
        <line num="20" count="13" type="stmt"/>
        <line num="25" count="2" type="stmt"/>
      </file>
    </package>
    <package name="src.app.service.PlanetServices">
      <metrics statements="46" coveredstatements="46" conditionals="20" coveredconditionals="15" methods="12" coveredmethods="12"/>
      <file name="createPlanetService.js" path="/Users/andrepostiga/Desktop/Backend-Starwars/src/app/service/PlanetServices/createPlanetService.js">
        <metrics statements="20" coveredstatements="20" conditionals="12" coveredconditionals="7" methods="5" coveredmethods="5"/>
        <line num="1" count="2" type="cond" truecount="3" falsecount="5"/>
        <line num="2" count="2" type="stmt"/>
        <line num="4" count="2" type="stmt"/>
        <line num="15" count="22" type="stmt"/>
        <line num="19" count="7" type="stmt"/>
        <line num="20" count="7" type="stmt"/>
        <line num="21" count="2" type="stmt"/>
        <line num="23" count="5" type="cond" truecount="2" falsecount="0"/>
        <line num="24" count="4" type="stmt"/>
        <line num="26" count="1" type="stmt"/>
        <line num="31" count="14" type="stmt"/>
        <line num="32" count="14" type="stmt"/>
        <line num="33" count="6" type="stmt"/>
        <line num="35" count="8" type="stmt"/>
        <line num="40" count="10" type="stmt"/>
        <line num="41" count="6" type="stmt"/>
        <line num="43" count="6" type="cond" truecount="2" falsecount="0"/>
        <line num="44" count="2" type="stmt"/>
        <line num="47" count="4" type="stmt"/>
        <line num="49" count="2" type="stmt"/>
      </file>
      <file name="findPlanetService.js" path="/Users/andrepostiga/Desktop/Backend-Starwars/src/app/service/PlanetServices/findPlanetService.js">
        <metrics statements="20" coveredstatements="20" conditionals="6" coveredconditionals="6" methods="5" coveredmethods="5"/>
        <line num="1" count="2" type="stmt"/>
        <line num="2" count="2" type="stmt"/>
        <line num="3" count="2" type="stmt"/>
        <line num="7" count="22" type="stmt"/>
        <line num="8" count="22" type="stmt"/>
        <line num="12" count="9" type="stmt"/>
        <line num="13" count="9" type="cond" truecount="4" falsecount="0"/>
        <line num="14" count="3" type="stmt"/>
        <line num="17" count="6" type="stmt"/>
        <line num="21" count="6" type="stmt"/>
        <line num="23" count="5" type="stmt"/>
        <line num="27" count="5" type="stmt"/>
        <line num="29" count="13" type="stmt"/>
        <line num="33" count="5" type="stmt"/>
        <line num="40" count="8" type="stmt"/>
        <line num="42" count="8" type="cond" truecount="2" falsecount="0"/>
        <line num="43" count="3" type="stmt"/>
        <line num="45" count="5" type="stmt"/>
        <line num="48" count="5" type="stmt"/>
        <line num="50" count="2" type="stmt"/>
      </file>
      <file name="removePlanetService.js" path="/Users/andrepostiga/Desktop/Backend-Starwars/src/app/service/PlanetServices/removePlanetService.js">
        <metrics statements="6" coveredstatements="6" conditionals="2" coveredconditionals="2" methods="2" coveredmethods="2"/>
        <line num="1" count="2" type="stmt"/>
        <line num="5" count="22" type="stmt"/>
        <line num="9" count="26" type="cond" truecount="2" falsecount="0"/>
        <line num="10" count="4" type="stmt"/>
        <line num="12" count="22" type="stmt"/>
        <line num="14" count="2" type="stmt"/>
      </file>
    </package>
    <package name="src.app.utils">
      <metrics statements="23" coveredstatements="20" conditionals="3" coveredconditionals="2" methods="7" coveredmethods="5"/>
      <file name="http.js" path="/Users/andrepostiga/Desktop/Backend-Starwars/src/app/utils/http.js">
        <metrics statements="23" coveredstatements="20" conditionals="3" coveredconditionals="2" methods="7" coveredmethods="5"/>
        <line num="1" count="1" type="stmt"/>
        <line num="2" count="1" type="stmt"/>
        <line num="6" count="1" type="stmt"/>
        <line num="8" count="1" type="stmt"/>
        <line num="9" count="0" type="stmt"/>
        <line num="13" count="1" type="stmt"/>
        <line num="15" count="1" type="stmt"/>
        <line num="16" count="5" type="stmt"/>
        <line num="20" count="1" type="stmt"/>
        <line num="22" count="1" type="stmt"/>
        <line num="23" count="0" type="stmt"/>
        <line num="27" count="1" type="stmt"/>
        <line num="29" count="1" type="stmt"/>
        <line num="30" count="20" type="stmt"/>
        <line num="34" count="1" type="stmt"/>
        <line num="36" count="1" type="cond" truecount="1" falsecount="0"/>
        <line num="37" count="10" type="cond" truecount="1" falsecount="1"/>
        <line num="38" count="0" type="stmt"/>
        <line num="45" count="10" type="stmt"/>
        <line num="49" count="1" type="stmt"/>
        <line num="51" count="1" type="stmt"/>
        <line num="52" count="3" type="stmt"/>
        <line num="56" count="1" type="stmt"/>
      </file>
    </package>
    <package name="src.database">
      <metrics statements="7" coveredstatements="7" conditionals="4" coveredconditionals="3" methods="2" coveredmethods="2"/>
      <file name="index.js" path="/Users/andrepostiga/Desktop/Backend-Starwars/src/database/index.js">
        <metrics statements="7" coveredstatements="7" conditionals="4" coveredconditionals="3" methods="2" coveredmethods="2"/>
        <line num="1" count="1" type="cond" truecount="3" falsecount="1"/>
        <line num="2" count="1" type="stmt"/>
        <line num="5" count="1" type="stmt"/>
        <line num="7" count="1" type="stmt"/>
        <line num="15" count="1" type="stmt"/>
        <line num="17" count="1" type="stmt"/>
        <line num="21" count="1" type="stmt"/>
      </file>
    </package>
  </project>
</coverage>
