{"/Users/andrepostiga/Desktop/Backend-Starwars/src/app/errors/index.js": {"path":"/Users/andrepostiga/Desktop/Backend-Starwars/src/app/errors/index.js","statementMap":{"0":{"start":{"line":1,"column":13},"end":{"line":1,"column":73}},"1":{"start":{"line":1,"column":108},"end":{"line":1,"column":331}},"2":{"start":{"line":1,"column":142},"end":{"line":1,"column":183}},"3":{"start":{"line":1,"column":205},"end":{"line":1,"column":249}},"4":{"start":{"line":1,"column":240},"end":{"line":1,"column":247}},"5":{"start":{"line":1,"column":250},"end":{"line":1,"column":327}},"6":{"start":{"line":1,"column":316},"end":{"line":1,"column":324}},"7":{"start":{"line":1,"column":351},"end":{"line":1,"column":374}},"8":{"start":{"line":1,"column":376},"end":{"line":1,"column":407}},"9":{"start":{"line":2,"column":24},"end":{"line":2,"column":53}},"10":{"start":{"line":2,"column":55},"end":{"line":2,"column":92}},"11":{"start":{"line":3,"column":21},"end":{"line":3,"column":47}},"12":{"start":{"line":3,"column":49},"end":{"line":3,"column":83}},"13":{"start":{"line":4,"column":19},"end":{"line":4,"column":43}},"14":{"start":{"line":4,"column":45},"end":{"line":4,"column":77}},"15":{"start":{"line":5,"column":20},"end":{"line":5,"column":45}},"16":{"start":{"line":5,"column":47},"end":{"line":5,"column":80}},"17":{"start":{"line":6,"column":16},"end":{"line":6,"column":37}},"18":{"start":{"line":6,"column":39},"end":{"line":6,"column":68}}},"fnMap":{"0":{"name":"_createStarExport","decl":{"start":{"line":1,"column":83},"end":{"line":1,"column":100}},"loc":{"start":{"line":1,"column":106},"end":{"line":1,"column":333}},"line":1},"1":{"name":"(anonymous_1)","decl":{"start":{"line":1,"column":133},"end":{"line":1,"column":134}},"loc":{"start":{"line":1,"column":142},"end":{"line":1,"column":183}},"line":1},"2":{"name":"(anonymous_2)","decl":{"start":{"line":1,"column":194},"end":{"line":1,"column":195}},"loc":{"start":{"line":1,"column":203},"end":{"line":1,"column":329}},"line":1},"3":{"name":"(anonymous_3)","decl":{"start":{"line":1,"column":310},"end":{"line":1,"column":311}},"loc":{"start":{"line":1,"column":316},"end":{"line":1,"column":324}},"line":1}},"branchMap":{"0":{"loc":{"start":{"line":1,"column":142},"end":{"line":1,"column":183}},"type":"binary-expr","locations":[{"start":{"line":1,"column":142},"end":{"line":1,"column":159}},{"start":{"line":1,"column":163},"end":{"line":1,"column":183}}],"line":1},"1":{"loc":{"start":{"line":1,"column":205},"end":{"line":1,"column":249}},"type":"if","locations":[{"start":{"line":1,"column":205},"end":{"line":1,"column":249}},{"start":{"line":1,"column":205},"end":{"line":1,"column":249}}],"line":1}},"s":{"0":1,"1":6,"2":6,"3":6,"4":0,"5":6,"6":4,"7":1,"8":1,"9":1,"10":1,"11":1,"12":1,"13":1,"14":1,"15":1,"16":1,"17":1,"18":1},"f":{"0":6,"1":6,"2":6,"3":4},"b":{"0":[6,6],"1":[0,6]},"inputSourceMap":null,"_coverageSchema":"1a1c01bbd47fc00a2c39e90264f33305004495a9","hash":"4d48eba27cb64ce74d1ae328c38c8ed34743e6ac"}
,"/Users/andrepostiga/Desktop/Backend-Starwars/src/app/service/MovieServices/findMovieService.js": {"path":"/Users/andrepostiga/Desktop/Backend-Starwars/src/app/service/MovieServices/findMovieService.js","statementMap":{"0":{"start":{"line":1,"column":13},"end":{"line":1,"column":73}},"1":{"start":{"line":1,"column":87},"end":{"line":1,"column":110}},"2":{"start":{"line":5,"column":4},"end":{"line":5,"column":45}},"3":{"start":{"line":9,"column":24},"end":{"line":9,"column":78}},"4":{"start":{"line":11,"column":4},"end":{"line":13,"column":5}},"5":{"start":{"line":12,"column":6},"end":{"line":12,"column":43}},"6":{"start":{"line":15,"column":4},"end":{"line":15,"column":23}},"7":{"start":{"line":19,"column":19},"end":{"line":19,"column":57}},"8":{"start":{"line":20,"column":4},"end":{"line":23,"column":6}},"9":{"start":{"line":25,"column":2},"end":{"line":25,"column":46}}},"fnMap":{"0":{"name":"(anonymous_0)","decl":{"start":{"line":4,"column":2},"end":{"line":4,"column":3}},"loc":{"start":{"line":4,"column":32},"end":{"line":6,"column":3}},"line":4},"1":{"name":"(anonymous_1)","decl":{"start":{"line":8,"column":2},"end":{"line":8,"column":3}},"loc":{"start":{"line":8,"column":35},"end":{"line":16,"column":3}},"line":8},"2":{"name":"(anonymous_2)","decl":{"start":{"line":18,"column":2},"end":{"line":18,"column":3}},"loc":{"start":{"line":18,"column":41},"end":{"line":24,"column":3}},"line":18}},"branchMap":{"0":{"loc":{"start":{"line":11,"column":4},"end":{"line":13,"column":5}},"type":"if","locations":[{"start":{"line":11,"column":4},"end":{"line":13,"column":5}},{"start":{"line":11,"column":4},"end":{"line":13,"column":5}}],"line":11},"1":{"loc":{"start":{"line":11,"column":8},"end":{"line":11,"column":58}},"type":"binary-expr","locations":[{"start":{"line":11,"column":8},"end":{"line":11,"column":23}},{"start":{"line":11,"column":27},"end":{"line":11,"column":58}}],"line":11}},"s":{"0":1,"1":1,"2":6,"3":5,"4":4,"5":2,"6":2,"7":2,"8":1,"9":1},"f":{"0":6,"1":5,"2":2},"b":{"0":[2,2],"1":[4,3]},"inputSourceMap":null,"_coverageSchema":"1a1c01bbd47fc00a2c39e90264f33305004495a9","hash":"cefb26cd351e3f079f350a62d87f54ee8f398f7a"}
}
