{"/Users/andrepostiga/Desktop/Backend-Starwars/src/app/repository/moviesRepository.js": {"path":"/Users/andrepostiga/Desktop/Backend-Starwars/src/app/repository/moviesRepository.js","statementMap":{"0":{"start":{"line":1,"column":13},"end":{"line":1,"column":73}},"1":{"start":{"line":3,"column":4},"end":{"line":3,"column":51}},"2":{"start":{"line":7,"column":19},"end":{"line":7,"column":79}},"3":{"start":{"line":8,"column":19},"end":{"line":8,"column":46}},"4":{"start":{"line":9,"column":4},"end":{"line":9,"column":18}},"5":{"start":{"line":13,"column":19},"end":{"line":13,"column":51}},"6":{"start":{"line":15,"column":4},"end":{"line":17,"column":5}},"7":{"start":{"line":16,"column":6},"end":{"line":16,"column":15}},"8":{"start":{"line":19,"column":4},"end":{"line":19,"column":31}},"9":{"start":{"line":21,"column":2},"end":{"line":21,"column":46}}},"fnMap":{"0":{"name":"(anonymous_0)","decl":{"start":{"line":2,"column":2},"end":{"line":2,"column":3}},"loc":{"start":{"line":2,"column":35},"end":{"line":4,"column":3}},"line":2},"1":{"name":"(anonymous_1)","decl":{"start":{"line":6,"column":2},"end":{"line":6,"column":3}},"loc":{"start":{"line":6,"column":30},"end":{"line":10,"column":3}},"line":6},"2":{"name":"(anonymous_2)","decl":{"start":{"line":12,"column":2},"end":{"line":12,"column":3}},"loc":{"start":{"line":12,"column":35},"end":{"line":20,"column":3}},"line":12}},"branchMap":{"0":{"loc":{"start":{"line":15,"column":4},"end":{"line":17,"column":5}},"type":"if","locations":[{"start":{"line":15,"column":4},"end":{"line":17,"column":5}},{"start":{"line":15,"column":4},"end":{"line":17,"column":5}}],"line":15}},"s":{"0":1,"1":8,"2":5,"3":4,"4":4,"5":4,"6":3,"7":2,"8":1,"9":1},"f":{"0":8,"1":5,"2":4},"b":{"0":[2,1]},"inputSourceMap":null,"_coverageSchema":"1a1c01bbd47fc00a2c39e90264f33305004495a9","hash":"f7c8c8c75806caaf95fa5c77c40e6eb229f191b9"}
}
