TN:
SF:src/app.js
FN:1,_interopRequireDefault
FN:6,bootstrap
FNF:2
FNH:2
FNDA:3,_interopRequireDefault
FNDA:1,bootstrap
DA:1,3
DA:2,1
DA:3,1
DA:4,1
DA:7,1
DA:9,1
DA:11,1
DA:14,1
DA:17,1
DA:19,1
DA:20,1
LF:11
LH:11
BRDA:1,0,0,1
BRDA:1,0,1,2
BRDA:1,1,0,3
BRDA:1,1,1,3
BRF:4
BRH:4
end_of_record
TN:
SF:src/routes.js
FN:1,_interopRequireDefault
FN:39,(anonymous_1)
FN:43,(anonymous_2)
FN:45,(anonymous_3)
FN:49,(anonymous_4)
FN:51,(anonymous_5)
FNF:6
FNH:5
FNDA:3,_interopRequireDefault
FNDA:0,(anonymous_1)
FNDA:5,(anonymous_2)
FNDA:4,(anonymous_3)
FNDA:8,(anonymous_4)
FNDA:22,(anonymous_5)
DA:1,3
DA:2,1
DA:3,1
DA:8,1
DA:9,1
DA:10,1
DA:11,1
DA:14,1
DA:19,1
DA:20,1
DA:23,1
DA:24,1
DA:28,1
DA:29,1
DA:31,1
DA:37,1
DA:39,1
DA:40,0
DA:43,5
DA:45,1
DA:46,4
DA:49,8
DA:51,1
DA:52,22
DA:55,1
LF:25
LH:24
BRDA:1,0,0,2
BRDA:1,0,1,1
BRDA:1,1,0,3
BRDA:1,1,1,3
BRF:4
BRH:4
end_of_record
TN:
SF:src/E2E/mockExternalServices.js
FN:1,_interopRequireDefault
FN:3,swapiMock
FNF:2
FNH:2
FNDA:1,_interopRequireDefault
FNDA:19,swapiMock
DA:1,1
DA:4,19
DA:44,19
DA:74,19
DA:98,19
DA:103,19
DA:108,19
DA:112,1
LF:8
LH:8
BRDA:1,0,0,0
BRDA:1,0,1,1
BRDA:1,1,0,1
BRDA:1,1,1,1
BRF:4
BRH:3
end_of_record
TN:
SF:src/app/controllers/planetController.js
FN:21,(anonymous_0)
FN:27,(anonymous_1)
FN:44,(anonymous_2)
FN:64,(anonymous_3)
FN:83,(anonymous_4)
FNF:5
FNH:5
FNDA:1,(anonymous_0)
FNDA:5,(anonymous_1)
FNDA:4,(anonymous_2)
FNDA:8,(anonymous_3)
FNDA:22,(anonymous_4)
DA:1,1
DA:12,1
DA:18,1
DA:22,1
DA:23,1
DA:24,1
DA:28,5
DA:29,5
DA:30,5
DA:31,4
DA:32,4
DA:34,1
DA:35,1
DA:36,1
DA:38,0
DA:40,1
DA:45,4
DA:46,4
DA:47,4
DA:48,3
DA:49,3
DA:51,1
DA:52,1
DA:53,0
DA:54,1
DA:55,1
DA:57,0
DA:60,1
DA:65,8
DA:66,8
DA:67,3
DA:68,3
DA:70,5
DA:71,5
DA:72,4
DA:73,1
DA:74,1
DA:76,0
DA:79,5
DA:84,22
DA:85,22
DA:86,22
DA:87,3
DA:88,3
DA:90,19
DA:91,19
DA:92,0
DA:93,19
DA:94,19
DA:96,0
DA:99,19
DA:102,1
LF:52
LH:46
BRDA:29,0,0,2
BRDA:35,1,0,1
BRDA:35,1,1,0
BRDA:52,2,0,0
BRDA:52,2,1,1
BRDA:54,3,0,1
BRDA:54,3,1,0
BRDA:71,4,0,4
BRDA:71,4,1,1
BRDA:73,5,0,1
BRDA:73,5,1,0
BRDA:91,6,0,0
BRDA:91,6,1,19
BRDA:93,7,0,19
BRDA:93,7,1,0
BRF:15
BRH:9
end_of_record
TN:
SF:src/app/errors/badRequest.js
FN:2,(anonymous_0)
FNF:1
FNH:1
FNDA:23,(anonymous_0)
DA:1,4
DA:3,23
DA:4,23
DA:6,4
LF:4
LH:4
BRF:0
BRH:0
end_of_record
TN:
SF:src/app/errors/conflict.js
FN:2,(anonymous_0)
FNF:1
FNH:1
FNDA:3,(anonymous_0)
DA:1,4
DA:3,3
DA:4,3
DA:6,4
LF:4
LH:4
BRF:0
BRH:0
end_of_record
TN:
SF:src/app/errors/notFoundError.js
FN:2,(anonymous_0)
FNF:1
FNH:1
FNDA:36,(anonymous_0)
DA:1,4
DA:3,36
DA:4,36
DA:6,4
LF:4
LH:4
BRF:0
BRH:0
end_of_record
TN:
SF:src/app/errors/serverError.js
FN:2,(anonymous_0)
FNF:1
FNH:1
FNDA:20,(anonymous_0)
DA:1,4
DA:3,20
DA:4,20
DA:6,4
LF:4
LH:4
BRF:0
BRH:0
end_of_record
TN:
SF:src/app/repository/moviesRepository.js
FN:2,(anonymous_0)
FN:6,(anonymous_1)
FN:12,(anonymous_2)
FNF:3
FNH:3
FNDA:9,(anonymous_0)
FNDA:17,(anonymous_1)
FNDA:16,(anonymous_2)
DA:1,2
DA:3,9
DA:7,17
DA:8,16
DA:9,16
DA:13,16
DA:15,15
DA:16,2
DA:19,13
DA:21,2
LF:10
LH:10
BRDA:15,0,0,2
BRDA:15,0,1,13
BRF:2
BRH:2
end_of_record
TN:
SF:src/app/repository/planetRepository.js
FN:1,_interopRequireDefault
FN:5,(anonymous_1)
FN:9,(anonymous_2)
FN:19,(anonymous_3)
FN:29,(anonymous_4)
FN:42,(anonymous_5)
FN:56,(anonymous_6)
FN:67,(anonymous_7)
FNF:8
FNH:8
FNDA:2,_interopRequireDefault
FNDA:30,(anonymous_1)
FNDA:9,(anonymous_2)
FNDA:36,(anonymous_3)
FNDA:12,(anonymous_4)
FNDA:7,(anonymous_5)
FNDA:7,(anonymous_6)
FNDA:26,(anonymous_7)
DA:1,2
DA:2,2
DA:6,30
DA:10,9
DA:12,8
DA:13,2
DA:16,6
DA:20,36
DA:22,35
DA:23,24
DA:26,11
DA:30,12
DA:31,2
DA:34,10
DA:36,9
DA:37,3
DA:39,6
DA:43,7
DA:49,6
DA:50,2
DA:53,4
DA:57,7
DA:58,4
DA:60,3
DA:61,2
DA:64,1
DA:68,26
DA:69,7
DA:71,6
DA:72,2
DA:75,4
DA:77,2
LF:32
LH:32
BRDA:1,0,0,0
BRDA:1,0,1,2
BRDA:1,1,0,2
BRDA:1,1,1,2
BRDA:12,2,0,2
BRDA:12,2,1,6
BRDA:22,3,0,24
BRDA:22,3,1,11
BRDA:30,4,0,2
BRDA:30,4,1,10
BRDA:36,5,0,3
BRDA:36,5,1,6
BRDA:49,6,0,2
BRDA:49,6,1,4
BRDA:60,7,0,2
BRDA:60,7,1,1
BRDA:71,8,0,2
BRDA:71,8,1,4
BRF:18
BRH:17
end_of_record
TN:
SF:src/app/service/MovieServices/findMovieService.js
FN:4,(anonymous_0)
FN:8,(anonymous_1)
FN:18,(anonymous_2)
FNF:3
FNH:3
FNDA:7,(anonymous_0)
FNDA:17,(anonymous_1)
FNDA:14,(anonymous_2)
DA:1,2
DA:5,7
DA:9,17
DA:11,16
DA:12,2
DA:15,14
DA:19,14
DA:20,13
DA:25,2
LF:9
LH:9
BRDA:11,0,0,2
BRDA:11,0,1,14
BRDA:11,1,0,16
BRDA:11,1,1,15
BRF:4
BRH:4
end_of_record
TN:
SF:src/app/service/PlanetServices/createPlanetService.js
FN:1,_interopRequireWildcard
FN:14,(anonymous_1)
FN:18,(anonymous_2)
FN:30,(anonymous_3)
FN:39,(anonymous_4)
FNF:5
FNH:5
FNDA:2,_interopRequireWildcard
FNDA:22,(anonymous_1)
FNDA:7,(anonymous_2)
FNDA:14,(anonymous_3)
FNDA:10,(anonymous_4)
DA:1,2
DA:2,2
DA:4,2
DA:15,22
DA:19,7
DA:20,7
DA:21,2
DA:23,5
DA:24,4
DA:26,1
DA:31,14
DA:32,14
DA:33,6
DA:35,8
DA:40,10
DA:41,6
DA:43,6
DA:44,2
DA:47,4
DA:49,2
LF:20
LH:20
BRDA:1,0,0,2
BRDA:1,0,1,0
BRDA:1,1,0,2
BRDA:1,1,1,2
BRDA:1,2,0,0
BRDA:1,2,1,0
BRDA:1,3,0,0
BRDA:1,3,1,0
BRDA:23,4,0,4
BRDA:23,4,1,1
BRDA:43,5,0,2
BRDA:43,5,1,4
BRF:12
BRH:7
end_of_record
TN:
SF:src/app/service/PlanetServices/findPlanetService.js
FN:6,(anonymous_0)
FN:11,(anonymous_1)
FN:20,(anonymous_2)
FN:28,(anonymous_3)
FN:39,(anonymous_4)
FNF:5
FNH:5
FNDA:22,(anonymous_0)
FNDA:9,(anonymous_1)
FNDA:6,(anonymous_2)
FNDA:13,(anonymous_3)
FNDA:8,(anonymous_4)
DA:1,2
DA:2,2
DA:3,2
DA:7,22
DA:8,22
DA:12,9
DA:13,9
DA:14,3
DA:17,6
DA:21,6
DA:23,5
DA:27,5
DA:29,13
DA:33,5
DA:40,8
DA:42,8
DA:43,3
DA:45,5
DA:48,5
DA:50,2
LF:20
LH:20
BRDA:13,0,0,3
BRDA:13,0,1,6
BRDA:13,1,0,9
BRDA:13,1,1,5
BRDA:42,2,0,3
BRDA:42,2,1,5
BRF:6
BRH:6
end_of_record
TN:
SF:src/app/service/PlanetServices/removePlanetService.js
FN:4,(anonymous_0)
FN:8,(anonymous_1)
FNF:2
FNH:2
FNDA:22,(anonymous_0)
FNDA:26,(anonymous_1)
DA:1,2
DA:5,22
DA:9,26
DA:10,4
DA:12,22
DA:14,2
LF:6
LH:6
BRDA:9,0,0,4
BRDA:9,0,1,22
BRF:2
BRH:2
end_of_record
TN:
SF:src/app/utils/http.js
FN:1,(anonymous_0)
FN:8,(anonymous_1)
FN:15,(anonymous_2)
FN:22,(anonymous_3)
FN:29,(anonymous_4)
FN:36,(anonymous_5)
FN:51,(anonymous_6)
FNF:7
FNH:5
FNDA:1,(anonymous_0)
FNDA:0,(anonymous_1)
FNDA:5,(anonymous_2)
FNDA:0,(anonymous_3)
FNDA:20,(anonymous_4)
FNDA:10,(anonymous_5)
FNDA:3,(anonymous_6)
DA:1,1
DA:2,1
DA:6,1
DA:8,1
DA:9,0
DA:13,1
DA:15,1
DA:16,5
DA:20,1
DA:22,1
DA:23,0
DA:27,1
DA:29,1
DA:30,20
DA:34,1
DA:36,1
DA:37,10
DA:38,0
DA:45,10
DA:49,1
DA:51,1
DA:52,3
DA:56,1
LF:23
LH:20
BRDA:36,0,0,10
BRDA:37,1,0,0
BRDA:37,1,1,10
BRF:3
BRH:2
end_of_record
TN:
SF:src/database/index.js
FN:1,_interopRequireDefault
FN:4,initDb
FNF:2
FNH:2
FNDA:1,_interopRequireDefault
FNDA:1,initDb
DA:1,1
DA:2,1
DA:5,1
DA:7,1
DA:15,1
DA:17,1
DA:21,1
LF:7
LH:7
BRDA:1,0,0,0
BRDA:1,0,1,1
BRDA:1,1,0,1
BRDA:1,1,1,1
BRF:4
BRH:3
end_of_record
